<?xml version="1.0" encoding="UTF-8"?>
<testsuites name="Dep Test Suite Add Item" time="149.667" tests="3" failures="0" errors="0">
   <testsuite name="Dep Test Suite Add Item" tests="3" failures="0" errors="0" time="149.667" skipped="0" timestamp="2566-04-03 05:11:17" hostname="LENOVO - LAPTOP-CK84RGPP.mshome.net" id="Test Suites/Dep Test Suite Add Item">
      <properties>
         <property name="deviceName" value=""/>
         <property name="devicePlatform" value=""/>
         <property name="logFolder" value="C:\\Users\\LENOVO\\Katalon Studio\\Devop_project\\Reports\\25660403_051108\\Dep Test Suite Add Item\\25660403_051108"/>
         <property name="logFiles" value="C:\\Users\\LENOVO\\Katalon Studio\\Devop_project\\Reports\\25660403_051108\\Dep Test Suite Add Item\\25660403_051108\\execution0.log"/>
         <property name="attachments" value=""/>
         <property name="hostName" value="LENOVO - LAPTOP-CK84RGPP.mshome.net"/>
         <property name="os" value="Windows 10 64bit"/>
         <property name="katalonVersion" value="8.5.5.208"/>
         <property name="browser" value="Chrome 111.0.0.0"/>
         <property name="hostAddress" value="172.25.176.1"/>
         <property name="sessionId" value="5baebc1f3b43430c17a3a3149b1b9313"/>
         <property name="seleniumVersion" value="3.141.59"/>
         <property name="proxyInformation" value="ProxyInformation { proxyOption=NO_PROXY, proxyServerType=HTTP, username=, password=********, proxyServerAddress=, proxyServerPort=0, executionList=&quot;&quot;, isApplyToDesiredCapabilities=true }"/>
         <property name="platform" value="Windows 10"/>
      </properties>
      <testcase name="Test Cases/Add_item_to_cart_test_case" time="50.284" classname="Test Cases/Add_item_to_cart_test_case" status="PASSED">
         <system-out><![CDATA[2566-04-03 05:11:18 - [TEST_CASE][PASSED] - Test Cases/Add_item_to_cart_test_case: Test Cases/Add_item_to_cart_test_case

2566-04-03 05:11:18 - [TEST_STEP][PASSED] - openBrowser(""): Browser is opened with url: ''

2566-04-03 05:11:18 - [MESSAGE][INFO] - Starting 'Chrome' driver

2566-04-03 05:11:18 - [MESSAGE][INFO] - Action delay is set to 0 milliseconds

2566-04-03 05:11:20 - [MESSAGE][PASSED] - Browser is opened with url: ''

2566-04-03 05:11:20 - [TEST_STEP][PASSED] - navigateToUrl("http://54.205.253.70:3000/login?q=session-expired"): Navigate to 'http://54.205.253.70:3000/login?q=session-expired' successfully

2566-04-03 05:11:22 - [MESSAGE][PASSED] - Navigate to 'http://54.205.253.70:3000/login?q=session-expired' successfully

2566-04-03 05:11:22 - [TEST_STEP][PASSED] - setText(findTestObject("Object Repository/Add item to cart/Page_Fup Login/input_LOGIN_userEmail"), Email): Text 'test2@gmail.com' is set on object 'Object Repository/Add item to cart/Page_Fup Login/input_LOGIN_userEmail'

2566-04-03 05:11:23 - [MESSAGE][PASSED] - Text 'test2@gmail.com' is set on object 'Object Repository/Add item to cart/Page_Fup Login/input_LOGIN_userEmail'

2566-04-03 05:11:23 - [TEST_STEP][PASSED] - setText(findTestObject("Object Repository/Add item to cart/Page_Fup Login/input_LOGIN_userPassword"), Password): Text '123' is set on object 'Object Repository/Add item to cart/Page_Fup Login/input_LOGIN_userPassword'

2566-04-03 05:11:23 - [MESSAGE][PASSED] - Text '123' is set on object 'Object Repository/Add item to cart/Page_Fup Login/input_LOGIN_userPassword'

2566-04-03 05:11:23 - [TEST_STEP][PASSED] - click(findTestObject("Object Repository/Add item to cart/Page_Fup Login/button_Log in")): Object: 'Object Repository/Add item to cart/Page_Fup Login/button_Log in' is clicked on

2566-04-03 05:11:35 - [MESSAGE][PASSED] - Object: 'Object Repository/Add item to cart/Page_Fup Login/button_Log in' is clicked on

2566-04-03 05:11:35 - [TEST_STEP][PASSED] - click(findTestObject("Object Repository/Add item to cart/Page_FUP Restaurant/button_Buy")): Object: 'Object Repository/Add item to cart/Page_FUP Restaurant/button_Buy' is clicked on

2566-04-03 05:11:38 - [MESSAGE][PASSED] - Object: 'Object Repository/Add item to cart/Page_FUP Restaurant/button_Buy' is clicked on

2566-04-03 05:11:38 - [TEST_STEP][PASSED] - click(findTestObject("Object Repository/Add item to cart/Page_FUP Restaurant/span_Logout_navbar-toggler-icon")): Object: 'Object Repository/Add item to cart/Page_FUP Restaurant/span_Logout_navbar-toggler-icon' is clicked on

2566-04-03 05:11:41 - [MESSAGE][PASSED] - Object: 'Object Repository/Add item to cart/Page_FUP Restaurant/span_Logout_navbar-toggler-icon' is clicked on

2566-04-03 05:11:41 - [TEST_STEP][PASSED] - click(findTestObject("Object Repository/Add item to cart/Page_FUP Restaurant/i_Logout_cart-icon")): Object: 'Object Repository/Add item to cart/Page_FUP Restaurant/i_Logout_cart-icon' is clicked on

2566-04-03 05:11:42 - [MESSAGE][PASSED] - Object: 'Object Repository/Add item to cart/Page_FUP Restaurant/i_Logout_cart-icon' is clicked on

2566-04-03 05:11:42 - [TEST_STEP][PASSED] - setText(findTestObject("Object Repository/Add item to cart/Page_FUP Restaurant/input_Beer_order-quantity"), Qty): Text '2' is set on object 'Object Repository/Add item to cart/Page_FUP Restaurant/input_Beer_order-quantity'

2566-04-03 05:11:44 - [MESSAGE][PASSED] - Text '2' is set on object 'Object Repository/Add item to cart/Page_FUP Restaurant/input_Beer_order-quantity'

2566-04-03 05:11:44 - [TEST_STEP][PASSED] - click(findTestObject("Object Repository/Add item to cart/Page_FUP Restaurant/button_Delete")): Object: 'Object Repository/Add item to cart/Page_FUP Restaurant/button_Delete' is clicked on

2566-04-03 05:11:45 - [MESSAGE][PASSED] - Object: 'Object Repository/Add item to cart/Page_FUP Restaurant/button_Delete' is clicked on

2566-04-03 05:11:45 - [TEST_STEP][PASSED] - click(findTestObject("Object Repository/Add item to cart/Page_FUP Restaurant/button_Order Menu_btn-close")): Object: 'Object Repository/Add item to cart/Page_FUP Restaurant/button_Order Menu_btn-close' is clicked on

2566-04-03 05:11:46 - [MESSAGE][PASSED] - Object: 'Object Repository/Add item to cart/Page_FUP Restaurant/button_Order Menu_btn-close' is clicked on

2566-04-03 05:11:46 - [TEST_STEP][PASSED] - click(findTestObject("Object Repository/Add item to cart/Page_FUP Restaurant/button_Buy")): Object: 'Object Repository/Add item to cart/Page_FUP Restaurant/button_Buy' is clicked on

2566-04-03 05:11:49 - [MESSAGE][PASSED] - Object: 'Object Repository/Add item to cart/Page_FUP Restaurant/button_Buy' is clicked on

2566-04-03 05:11:49 - [TEST_STEP][PASSED] - click(findTestObject("Object Repository/Add item to cart/Page_FUP Restaurant/i_Logout_cart-icon")): Object: 'Object Repository/Add item to cart/Page_FUP Restaurant/i_Logout_cart-icon' is clicked on

2566-04-03 05:11:52 - [MESSAGE][PASSED] - Object: 'Object Repository/Add item to cart/Page_FUP Restaurant/i_Logout_cart-icon' is clicked on

2566-04-03 05:11:52 - [TEST_STEP][PASSED] - setText(findTestObject("Object Repository/Add item to cart/Page_FUP Restaurant/input_Beer_order-quantity"), Qty): Text '2' is set on object 'Object Repository/Add item to cart/Page_FUP Restaurant/input_Beer_order-quantity'

2566-04-03 05:11:55 - [MESSAGE][PASSED] - Text '2' is set on object 'Object Repository/Add item to cart/Page_FUP Restaurant/input_Beer_order-quantity'

2566-04-03 05:11:55 - [TEST_STEP][PASSED] - click(findTestObject("Object Repository/Add item to cart/Page_FUP Restaurant/button_Checkout")): Object: 'Object Repository/Add item to cart/Page_FUP Restaurant/button_Checkout' is clicked on

2566-04-03 05:11:55 - [MESSAGE][PASSED] - Object: 'Object Repository/Add item to cart/Page_FUP Restaurant/button_Checkout' is clicked on

2566-04-03 05:11:55 - [TEST_STEP][PASSED] - setText(findTestObject("Object Repository/Add item to cart/Page_Address/input_First name_form9Example1"), FirstName): Text 'hahah' is set on object 'Object Repository/Add item to cart/Page_Address/input_First name_form9Example1'

2566-04-03 05:11:58 - [MESSAGE][PASSED] - Text 'hahah' is set on object 'Object Repository/Add item to cart/Page_Address/input_First name_form9Example1'

2566-04-03 05:11:58 - [TEST_STEP][PASSED] - setText(findTestObject("Object Repository/Add item to cart/Page_Address/input_Last name_form9Example2"), LastName): Text 'eiei' is set on object 'Object Repository/Add item to cart/Page_Address/input_Last name_form9Example2'

2566-04-03 05:11:59 - [MESSAGE][PASSED] - Text 'eiei' is set on object 'Object Repository/Add item to cart/Page_Address/input_Last name_form9Example2'

2566-04-03 05:11:59 - [TEST_STEP][PASSED] - setText(findTestObject("Object Repository/Add item to cart/Page_Address/input_City_form9Example3"), City): Text 'cnx' is set on object 'Object Repository/Add item to cart/Page_Address/input_City_form9Example3'

2566-04-03 05:12:00 - [MESSAGE][PASSED] - Text 'cnx' is set on object 'Object Repository/Add item to cart/Page_Address/input_City_form9Example3'

2566-04-03 05:12:00 - [TEST_STEP][PASSED] - setText(findTestObject("Object Repository/Add item to cart/Page_Address/input_Zip_form9Example4"), Zip): Text '50100' is set on object 'Object Repository/Add item to cart/Page_Address/input_Zip_form9Example4'

2566-04-03 05:12:00 - [MESSAGE][PASSED] - Text '50100' is set on object 'Object Repository/Add item to cart/Page_Address/input_Zip_form9Example4'

2566-04-03 05:12:00 - [TEST_STEP][PASSED] - setText(findTestObject("Object Repository/Add item to cart/Page_Address/input_Address_form9Example6"), Address): Text 'thailand' is set on object 'Object Repository/Add item to cart/Page_Address/input_Address_form9Example6'

2566-04-03 05:12:01 - [MESSAGE][PASSED] - Text 'thailand' is set on object 'Object Repository/Add item to cart/Page_Address/input_Address_form9Example6'

2566-04-03 05:12:01 - [TEST_STEP][PASSED] - setText(findTestObject("Object Repository/Add item to cart/Page_Address/input_Email_typeEmail"), Email): Text 'test2@gmail.com' is set on object 'Object Repository/Add item to cart/Page_Address/input_Email_typeEmail'

2566-04-03 05:12:02 - [MESSAGE][PASSED] - Text 'test2@gmail.com' is set on object 'Object Repository/Add item to cart/Page_Address/input_Email_typeEmail'

2566-04-03 05:12:02 - [TEST_STEP][PASSED] - click(findTestObject("Object Repository/Add item to cart/Page_Address/button_Next")): Object: 'Object Repository/Add item to cart/Page_Address/button_Next' is clicked on

2566-04-03 05:12:03 - [MESSAGE][PASSED] - Object: 'Object Repository/Add item to cart/Page_Address/button_Next' is clicked on

2566-04-03 05:12:03 - [TEST_STEP][PASSED] - setText(findTestObject("Object Repository/Add item to cart/Page_Payment/input_Payment Name_form9Example1"), FirstName): Text 'hahah' is set on object 'Object Repository/Add item to cart/Page_Payment/input_Payment Name_form9Example1'

2566-04-03 05:12:04 - [MESSAGE][PASSED] - Text 'hahah' is set on object 'Object Repository/Add item to cart/Page_Payment/input_Payment Name_form9Example1'

2566-04-03 05:12:04 - [TEST_STEP][PASSED] - setText(findTestObject("Object Repository/Add item to cart/Page_Payment/input_Enter Name_form9Example2"), FirstName): Text 'hahah' is set on object 'Object Repository/Add item to cart/Page_Payment/input_Enter Name_form9Example2'

2566-04-03 05:12:04 - [MESSAGE][PASSED] - Text 'hahah' is set on object 'Object Repository/Add item to cart/Page_Payment/input_Enter Name_form9Example2'

2566-04-03 05:12:04 - [TEST_STEP][PASSED] - setText(findTestObject("Object Repository/Add item to cart/Page_Payment/input_Card Number_number"), CardNumber): Text '123456789101' is set on object 'Object Repository/Add item to cart/Page_Payment/input_Card Number_number'

2566-04-03 05:12:05 - [MESSAGE][PASSED] - Text '123456789101' is set on object 'Object Repository/Add item to cart/Page_Payment/input_Card Number_number'

2566-04-03 05:12:05 - [TEST_STEP][PASSED] - setText(findTestObject("Object Repository/Add item to cart/Page_Payment/input_CVC_form9Example6"), CVC): Text '123' is set on object 'Object Repository/Add item to cart/Page_Payment/input_CVC_form9Example6'

2566-04-03 05:12:06 - [MESSAGE][PASSED] - Text '123' is set on object 'Object Repository/Add item to cart/Page_Payment/input_CVC_form9Example6'

2566-04-03 05:12:06 - [TEST_STEP][PASSED] - click(findTestObject("Object Repository/Add item to cart/Page_Payment/button_Next")): Object: 'Object Repository/Add item to cart/Page_Payment/button_Next' is clicked on

2566-04-03 05:12:08 - [MESSAGE][PASSED] - Object: 'Object Repository/Add item to cart/Page_Payment/button_Next' is clicked on

2566-04-03 05:12:08 - [TEST_STEP][PASSED] - click(findTestObject("Object Repository/Add item to cart/Page_Progress Tracker Example/header_Tracking Orders")): Object: 'Object Repository/Add item to cart/Page_Progress Tracker Example/header_Tracking Orders' is clicked on

2566-04-03 05:12:08 - [MESSAGE][PASSED] - Object: 'Object Repository/Add item to cart/Page_Progress Tracker Example/header_Tracking Orders' is clicked on]]></system-out>
         <system-err><![CDATA[]]></system-err>
      </testcase>
      <testcase name="Test Cases/Add_item_to_cart_test_case" time="49.421" classname="Test Cases/Add_item_to_cart_test_case" status="PASSED">
         <system-out><![CDATA[2566-04-03 05:12:08 - [TEST_CASE][PASSED] - Test Cases/Add_item_to_cart_test_case: Test Cases/Add_item_to_cart_test_case

2566-04-03 05:12:08 - [TEST_STEP][PASSED] - openBrowser(""): Browser is opened with url: ''

2566-04-03 05:12:08 - [MESSAGE][WARNING] - A browser is already opened. Closing browser and opening a new one

2566-04-03 05:12:09 - [MESSAGE][INFO] - Starting 'Chrome' driver

2566-04-03 05:12:09 - [MESSAGE][INFO] - Action delay is set to 0 milliseconds

2566-04-03 05:12:10 - [MESSAGE][PASSED] - Browser is opened with url: ''

2566-04-03 05:12:10 - [TEST_STEP][PASSED] - navigateToUrl("http://54.205.253.70:3000/login?q=session-expired"): Navigate to 'http://54.205.253.70:3000/login?q=session-expired' successfully

2566-04-03 05:12:11 - [MESSAGE][PASSED] - Navigate to 'http://54.205.253.70:3000/login?q=session-expired' successfully

2566-04-03 05:12:11 - [TEST_STEP][PASSED] - setText(findTestObject("Object Repository/Add item to cart/Page_Fup Login/input_LOGIN_userEmail"), Email): Text 'test3@gmail.com' is set on object 'Object Repository/Add item to cart/Page_Fup Login/input_LOGIN_userEmail'

2566-04-03 05:12:12 - [MESSAGE][PASSED] - Text 'test3@gmail.com' is set on object 'Object Repository/Add item to cart/Page_Fup Login/input_LOGIN_userEmail'

2566-04-03 05:12:12 - [TEST_STEP][PASSED] - setText(findTestObject("Object Repository/Add item to cart/Page_Fup Login/input_LOGIN_userPassword"), Password): Text '123' is set on object 'Object Repository/Add item to cart/Page_Fup Login/input_LOGIN_userPassword'

2566-04-03 05:12:13 - [MESSAGE][PASSED] - Text '123' is set on object 'Object Repository/Add item to cart/Page_Fup Login/input_LOGIN_userPassword'

2566-04-03 05:12:13 - [TEST_STEP][PASSED] - click(findTestObject("Object Repository/Add item to cart/Page_Fup Login/button_Log in")): Object: 'Object Repository/Add item to cart/Page_Fup Login/button_Log in' is clicked on

2566-04-03 05:12:25 - [MESSAGE][PASSED] - Object: 'Object Repository/Add item to cart/Page_Fup Login/button_Log in' is clicked on

2566-04-03 05:12:25 - [TEST_STEP][PASSED] - click(findTestObject("Object Repository/Add item to cart/Page_FUP Restaurant/button_Buy")): Object: 'Object Repository/Add item to cart/Page_FUP Restaurant/button_Buy' is clicked on

2566-04-03 05:12:27 - [MESSAGE][PASSED] - Object: 'Object Repository/Add item to cart/Page_FUP Restaurant/button_Buy' is clicked on

2566-04-03 05:12:27 - [TEST_STEP][PASSED] - click(findTestObject("Object Repository/Add item to cart/Page_FUP Restaurant/span_Logout_navbar-toggler-icon")): Object: 'Object Repository/Add item to cart/Page_FUP Restaurant/span_Logout_navbar-toggler-icon' is clicked on

2566-04-03 05:12:31 - [MESSAGE][PASSED] - Object: 'Object Repository/Add item to cart/Page_FUP Restaurant/span_Logout_navbar-toggler-icon' is clicked on

2566-04-03 05:12:31 - [TEST_STEP][PASSED] - click(findTestObject("Object Repository/Add item to cart/Page_FUP Restaurant/i_Logout_cart-icon")): Object: 'Object Repository/Add item to cart/Page_FUP Restaurant/i_Logout_cart-icon' is clicked on

2566-04-03 05:12:31 - [MESSAGE][PASSED] - Object: 'Object Repository/Add item to cart/Page_FUP Restaurant/i_Logout_cart-icon' is clicked on

2566-04-03 05:12:31 - [TEST_STEP][PASSED] - setText(findTestObject("Object Repository/Add item to cart/Page_FUP Restaurant/input_Beer_order-quantity"), Qty): Text '4' is set on object 'Object Repository/Add item to cart/Page_FUP Restaurant/input_Beer_order-quantity'

2566-04-03 05:12:34 - [MESSAGE][PASSED] - Text '4' is set on object 'Object Repository/Add item to cart/Page_FUP Restaurant/input_Beer_order-quantity'

2566-04-03 05:12:34 - [TEST_STEP][PASSED] - click(findTestObject("Object Repository/Add item to cart/Page_FUP Restaurant/button_Delete")): Object: 'Object Repository/Add item to cart/Page_FUP Restaurant/button_Delete' is clicked on

2566-04-03 05:12:34 - [MESSAGE][PASSED] - Object: 'Object Repository/Add item to cart/Page_FUP Restaurant/button_Delete' is clicked on

2566-04-03 05:12:34 - [TEST_STEP][PASSED] - click(findTestObject("Object Repository/Add item to cart/Page_FUP Restaurant/button_Order Menu_btn-close")): Object: 'Object Repository/Add item to cart/Page_FUP Restaurant/button_Order Menu_btn-close' is clicked on

2566-04-03 05:12:35 - [MESSAGE][PASSED] - Object: 'Object Repository/Add item to cart/Page_FUP Restaurant/button_Order Menu_btn-close' is clicked on

2566-04-03 05:12:35 - [TEST_STEP][PASSED] - click(findTestObject("Object Repository/Add item to cart/Page_FUP Restaurant/button_Buy")): Object: 'Object Repository/Add item to cart/Page_FUP Restaurant/button_Buy' is clicked on

2566-04-03 05:12:38 - [MESSAGE][PASSED] - Object: 'Object Repository/Add item to cart/Page_FUP Restaurant/button_Buy' is clicked on

2566-04-03 05:12:38 - [TEST_STEP][PASSED] - click(findTestObject("Object Repository/Add item to cart/Page_FUP Restaurant/i_Logout_cart-icon")): Object: 'Object Repository/Add item to cart/Page_FUP Restaurant/i_Logout_cart-icon' is clicked on

2566-04-03 05:12:42 - [MESSAGE][PASSED] - Object: 'Object Repository/Add item to cart/Page_FUP Restaurant/i_Logout_cart-icon' is clicked on

2566-04-03 05:12:42 - [TEST_STEP][PASSED] - setText(findTestObject("Object Repository/Add item to cart/Page_FUP Restaurant/input_Beer_order-quantity"), Qty): Text '4' is set on object 'Object Repository/Add item to cart/Page_FUP Restaurant/input_Beer_order-quantity'

2566-04-03 05:12:44 - [MESSAGE][PASSED] - Text '4' is set on object 'Object Repository/Add item to cart/Page_FUP Restaurant/input_Beer_order-quantity'

2566-04-03 05:12:44 - [TEST_STEP][PASSED] - click(findTestObject("Object Repository/Add item to cart/Page_FUP Restaurant/button_Checkout")): Object: 'Object Repository/Add item to cart/Page_FUP Restaurant/button_Checkout' is clicked on

2566-04-03 05:12:45 - [MESSAGE][PASSED] - Object: 'Object Repository/Add item to cart/Page_FUP Restaurant/button_Checkout' is clicked on

2566-04-03 05:12:45 - [TEST_STEP][PASSED] - setText(findTestObject("Object Repository/Add item to cart/Page_Address/input_First name_form9Example1"), FirstName): Text 'qweqwe' is set on object 'Object Repository/Add item to cart/Page_Address/input_First name_form9Example1'

2566-04-03 05:12:48 - [MESSAGE][PASSED] - Text 'qweqwe' is set on object 'Object Repository/Add item to cart/Page_Address/input_First name_form9Example1'

2566-04-03 05:12:48 - [TEST_STEP][PASSED] - setText(findTestObject("Object Repository/Add item to cart/Page_Address/input_Last name_form9Example2"), LastName): Text 'wawa' is set on object 'Object Repository/Add item to cart/Page_Address/input_Last name_form9Example2'

2566-04-03 05:12:48 - [MESSAGE][PASSED] - Text 'wawa' is set on object 'Object Repository/Add item to cart/Page_Address/input_Last name_form9Example2'

2566-04-03 05:12:48 - [TEST_STEP][PASSED] - setText(findTestObject("Object Repository/Add item to cart/Page_Address/input_City_form9Example3"), City): Text 'wawee' is set on object 'Object Repository/Add item to cart/Page_Address/input_City_form9Example3'

2566-04-03 05:12:49 - [MESSAGE][PASSED] - Text 'wawee' is set on object 'Object Repository/Add item to cart/Page_Address/input_City_form9Example3'

2566-04-03 05:12:49 - [TEST_STEP][PASSED] - setText(findTestObject("Object Repository/Add item to cart/Page_Address/input_Zip_form9Example4"), Zip): Text '57180' is set on object 'Object Repository/Add item to cart/Page_Address/input_Zip_form9Example4'

2566-04-03 05:12:50 - [MESSAGE][PASSED] - Text '57180' is set on object 'Object Repository/Add item to cart/Page_Address/input_Zip_form9Example4'

2566-04-03 05:12:50 - [TEST_STEP][PASSED] - setText(findTestObject("Object Repository/Add item to cart/Page_Address/input_Address_form9Example6"), Address): Text 'wawee' is set on object 'Object Repository/Add item to cart/Page_Address/input_Address_form9Example6'

2566-04-03 05:12:50 - [MESSAGE][PASSED] - Text 'wawee' is set on object 'Object Repository/Add item to cart/Page_Address/input_Address_form9Example6'

2566-04-03 05:12:50 - [TEST_STEP][PASSED] - setText(findTestObject("Object Repository/Add item to cart/Page_Address/input_Email_typeEmail"), Email): Text 'test3@gmail.com' is set on object 'Object Repository/Add item to cart/Page_Address/input_Email_typeEmail'

2566-04-03 05:12:51 - [MESSAGE][PASSED] - Text 'test3@gmail.com' is set on object 'Object Repository/Add item to cart/Page_Address/input_Email_typeEmail'

2566-04-03 05:12:51 - [TEST_STEP][PASSED] - click(findTestObject("Object Repository/Add item to cart/Page_Address/button_Next")): Object: 'Object Repository/Add item to cart/Page_Address/button_Next' is clicked on

2566-04-03 05:12:52 - [MESSAGE][PASSED] - Object: 'Object Repository/Add item to cart/Page_Address/button_Next' is clicked on

2566-04-03 05:12:52 - [TEST_STEP][PASSED] - setText(findTestObject("Object Repository/Add item to cart/Page_Payment/input_Payment Name_form9Example1"), FirstName): Text 'qweqwe' is set on object 'Object Repository/Add item to cart/Page_Payment/input_Payment Name_form9Example1'

2566-04-03 05:12:53 - [MESSAGE][PASSED] - Text 'qweqwe' is set on object 'Object Repository/Add item to cart/Page_Payment/input_Payment Name_form9Example1'

2566-04-03 05:12:53 - [TEST_STEP][PASSED] - setText(findTestObject("Object Repository/Add item to cart/Page_Payment/input_Enter Name_form9Example2"), FirstName): Text 'qweqwe' is set on object 'Object Repository/Add item to cart/Page_Payment/input_Enter Name_form9Example2'

2566-04-03 05:12:54 - [MESSAGE][PASSED] - Text 'qweqwe' is set on object 'Object Repository/Add item to cart/Page_Payment/input_Enter Name_form9Example2'

2566-04-03 05:12:54 - [TEST_STEP][PASSED] - setText(findTestObject("Object Repository/Add item to cart/Page_Payment/input_Card Number_number"), CardNumber): Text '110987654321' is set on object 'Object Repository/Add item to cart/Page_Payment/input_Card Number_number'

2566-04-03 05:12:54 - [MESSAGE][PASSED] - Text '110987654321' is set on object 'Object Repository/Add item to cart/Page_Payment/input_Card Number_number'

2566-04-03 05:12:54 - [TEST_STEP][PASSED] - setText(findTestObject("Object Repository/Add item to cart/Page_Payment/input_CVC_form9Example6"), CVC): Text '321' is set on object 'Object Repository/Add item to cart/Page_Payment/input_CVC_form9Example6'

2566-04-03 05:12:55 - [MESSAGE][PASSED] - Text '321' is set on object 'Object Repository/Add item to cart/Page_Payment/input_CVC_form9Example6'

2566-04-03 05:12:55 - [TEST_STEP][PASSED] - click(findTestObject("Object Repository/Add item to cart/Page_Payment/button_Next")): Object: 'Object Repository/Add item to cart/Page_Payment/button_Next' is clicked on

2566-04-03 05:12:57 - [MESSAGE][PASSED] - Object: 'Object Repository/Add item to cart/Page_Payment/button_Next' is clicked on

2566-04-03 05:12:57 - [TEST_STEP][PASSED] - click(findTestObject("Object Repository/Add item to cart/Page_Progress Tracker Example/header_Tracking Orders")): Object: 'Object Repository/Add item to cart/Page_Progress Tracker Example/header_Tracking Orders' is clicked on

2566-04-03 05:12:57 - [MESSAGE][PASSED] - Object: 'Object Repository/Add item to cart/Page_Progress Tracker Example/header_Tracking Orders' is clicked on]]></system-out>
         <system-err><![CDATA[]]></system-err>
      </testcase>
      <testcase name="Test Cases/Add_item_to_cart_test_case" time="49.383" classname="Test Cases/Add_item_to_cart_test_case" status="PASSED">
         <system-out><![CDATA[2566-04-03 05:12:58 - [TEST_CASE][PASSED] - Test Cases/Add_item_to_cart_test_case: Test Cases/Add_item_to_cart_test_case

2566-04-03 05:12:58 - [TEST_STEP][PASSED] - openBrowser(""): Browser is opened with url: ''

2566-04-03 05:12:58 - [MESSAGE][WARNING] - A browser is already opened. Closing browser and opening a new one

2566-04-03 05:12:58 - [MESSAGE][INFO] - Starting 'Chrome' driver

2566-04-03 05:12:58 - [MESSAGE][INFO] - Action delay is set to 0 milliseconds

2566-04-03 05:12:59 - [MESSAGE][PASSED] - Browser is opened with url: ''

2566-04-03 05:12:59 - [TEST_STEP][PASSED] - navigateToUrl("http://54.205.253.70:3000/login?q=session-expired"): Navigate to 'http://54.205.253.70:3000/login?q=session-expired' successfully

2566-04-03 05:13:01 - [MESSAGE][PASSED] - Navigate to 'http://54.205.253.70:3000/login?q=session-expired' successfully

2566-04-03 05:13:01 - [TEST_STEP][PASSED] - setText(findTestObject("Object Repository/Add item to cart/Page_Fup Login/input_LOGIN_userEmail"), Email): Text 'test4@gmail.com' is set on object 'Object Repository/Add item to cart/Page_Fup Login/input_LOGIN_userEmail'

2566-04-03 05:13:02 - [MESSAGE][PASSED] - Text 'test4@gmail.com' is set on object 'Object Repository/Add item to cart/Page_Fup Login/input_LOGIN_userEmail'

2566-04-03 05:13:02 - [TEST_STEP][PASSED] - setText(findTestObject("Object Repository/Add item to cart/Page_Fup Login/input_LOGIN_userPassword"), Password): Text '123' is set on object 'Object Repository/Add item to cart/Page_Fup Login/input_LOGIN_userPassword'

2566-04-03 05:13:02 - [MESSAGE][PASSED] - Text '123' is set on object 'Object Repository/Add item to cart/Page_Fup Login/input_LOGIN_userPassword'

2566-04-03 05:13:02 - [TEST_STEP][PASSED] - click(findTestObject("Object Repository/Add item to cart/Page_Fup Login/button_Log in")): Object: 'Object Repository/Add item to cart/Page_Fup Login/button_Log in' is clicked on

2566-04-03 05:13:14 - [MESSAGE][PASSED] - Object: 'Object Repository/Add item to cart/Page_Fup Login/button_Log in' is clicked on

2566-04-03 05:13:14 - [TEST_STEP][PASSED] - click(findTestObject("Object Repository/Add item to cart/Page_FUP Restaurant/button_Buy")): Object: 'Object Repository/Add item to cart/Page_FUP Restaurant/button_Buy' is clicked on

2566-04-03 05:13:17 - [MESSAGE][PASSED] - Object: 'Object Repository/Add item to cart/Page_FUP Restaurant/button_Buy' is clicked on

2566-04-03 05:13:17 - [TEST_STEP][PASSED] - click(findTestObject("Object Repository/Add item to cart/Page_FUP Restaurant/span_Logout_navbar-toggler-icon")): Object: 'Object Repository/Add item to cart/Page_FUP Restaurant/span_Logout_navbar-toggler-icon' is clicked on

2566-04-03 05:13:20 - [MESSAGE][PASSED] - Object: 'Object Repository/Add item to cart/Page_FUP Restaurant/span_Logout_navbar-toggler-icon' is clicked on

2566-04-03 05:13:20 - [TEST_STEP][PASSED] - click(findTestObject("Object Repository/Add item to cart/Page_FUP Restaurant/i_Logout_cart-icon")): Object: 'Object Repository/Add item to cart/Page_FUP Restaurant/i_Logout_cart-icon' is clicked on

2566-04-03 05:13:20 - [MESSAGE][PASSED] - Object: 'Object Repository/Add item to cart/Page_FUP Restaurant/i_Logout_cart-icon' is clicked on

2566-04-03 05:13:20 - [TEST_STEP][PASSED] - setText(findTestObject("Object Repository/Add item to cart/Page_FUP Restaurant/input_Beer_order-quantity"), Qty): Text '3' is set on object 'Object Repository/Add item to cart/Page_FUP Restaurant/input_Beer_order-quantity'

2566-04-03 05:13:23 - [MESSAGE][PASSED] - Text '3' is set on object 'Object Repository/Add item to cart/Page_FUP Restaurant/input_Beer_order-quantity'

2566-04-03 05:13:23 - [TEST_STEP][PASSED] - click(findTestObject("Object Repository/Add item to cart/Page_FUP Restaurant/button_Delete")): Object: 'Object Repository/Add item to cart/Page_FUP Restaurant/button_Delete' is clicked on

2566-04-03 05:13:23 - [MESSAGE][PASSED] - Object: 'Object Repository/Add item to cart/Page_FUP Restaurant/button_Delete' is clicked on

2566-04-03 05:13:23 - [TEST_STEP][PASSED] - click(findTestObject("Object Repository/Add item to cart/Page_FUP Restaurant/button_Order Menu_btn-close")): Object: 'Object Repository/Add item to cart/Page_FUP Restaurant/button_Order Menu_btn-close' is clicked on

2566-04-03 05:13:25 - [MESSAGE][PASSED] - Object: 'Object Repository/Add item to cart/Page_FUP Restaurant/button_Order Menu_btn-close' is clicked on

2566-04-03 05:13:25 - [TEST_STEP][PASSED] - click(findTestObject("Object Repository/Add item to cart/Page_FUP Restaurant/button_Buy")): Object: 'Object Repository/Add item to cart/Page_FUP Restaurant/button_Buy' is clicked on

2566-04-03 05:13:28 - [MESSAGE][PASSED] - Object: 'Object Repository/Add item to cart/Page_FUP Restaurant/button_Buy' is clicked on

2566-04-03 05:13:28 - [TEST_STEP][PASSED] - click(findTestObject("Object Repository/Add item to cart/Page_FUP Restaurant/i_Logout_cart-icon")): Object: 'Object Repository/Add item to cart/Page_FUP Restaurant/i_Logout_cart-icon' is clicked on

2566-04-03 05:13:31 - [MESSAGE][PASSED] - Object: 'Object Repository/Add item to cart/Page_FUP Restaurant/i_Logout_cart-icon' is clicked on

2566-04-03 05:13:31 - [TEST_STEP][PASSED] - setText(findTestObject("Object Repository/Add item to cart/Page_FUP Restaurant/input_Beer_order-quantity"), Qty): Text '3' is set on object 'Object Repository/Add item to cart/Page_FUP Restaurant/input_Beer_order-quantity'

2566-04-03 05:13:34 - [MESSAGE][PASSED] - Text '3' is set on object 'Object Repository/Add item to cart/Page_FUP Restaurant/input_Beer_order-quantity'

2566-04-03 05:13:34 - [TEST_STEP][PASSED] - click(findTestObject("Object Repository/Add item to cart/Page_FUP Restaurant/button_Checkout")): Object: 'Object Repository/Add item to cart/Page_FUP Restaurant/button_Checkout' is clicked on

2566-04-03 05:13:34 - [MESSAGE][PASSED] - Object: 'Object Repository/Add item to cart/Page_FUP Restaurant/button_Checkout' is clicked on

2566-04-03 05:13:34 - [TEST_STEP][PASSED] - setText(findTestObject("Object Repository/Add item to cart/Page_Address/input_First name_form9Example1"), FirstName): Text 'asd' is set on object 'Object Repository/Add item to cart/Page_Address/input_First name_form9Example1'

2566-04-03 05:13:37 - [MESSAGE][PASSED] - Text 'asd' is set on object 'Object Repository/Add item to cart/Page_Address/input_First name_form9Example1'

2566-04-03 05:13:37 - [TEST_STEP][PASSED] - setText(findTestObject("Object Repository/Add item to cart/Page_Address/input_Last name_form9Example2"), LastName): Text 'qwe' is set on object 'Object Repository/Add item to cart/Page_Address/input_Last name_form9Example2'

2566-04-03 05:13:38 - [MESSAGE][PASSED] - Text 'qwe' is set on object 'Object Repository/Add item to cart/Page_Address/input_Last name_form9Example2'

2566-04-03 05:13:38 - [TEST_STEP][PASSED] - setText(findTestObject("Object Repository/Add item to cart/Page_Address/input_City_form9Example3"), City): Text 'bkk' is set on object 'Object Repository/Add item to cart/Page_Address/input_City_form9Example3'

2566-04-03 05:13:39 - [MESSAGE][PASSED] - Text 'bkk' is set on object 'Object Repository/Add item to cart/Page_Address/input_City_form9Example3'

2566-04-03 05:13:39 - [TEST_STEP][PASSED] - setText(findTestObject("Object Repository/Add item to cart/Page_Address/input_Zip_form9Example4"), Zip): Text '50000' is set on object 'Object Repository/Add item to cart/Page_Address/input_Zip_form9Example4'

2566-04-03 05:13:39 - [MESSAGE][PASSED] - Text '50000' is set on object 'Object Repository/Add item to cart/Page_Address/input_Zip_form9Example4'

2566-04-03 05:13:39 - [TEST_STEP][PASSED] - setText(findTestObject("Object Repository/Add item to cart/Page_Address/input_Address_form9Example6"), Address): Text 'bkak' is set on object 'Object Repository/Add item to cart/Page_Address/input_Address_form9Example6'

2566-04-03 05:13:40 - [MESSAGE][PASSED] - Text 'bkak' is set on object 'Object Repository/Add item to cart/Page_Address/input_Address_form9Example6'

2566-04-03 05:13:40 - [TEST_STEP][PASSED] - setText(findTestObject("Object Repository/Add item to cart/Page_Address/input_Email_typeEmail"), Email): Text 'test4@gmail.com' is set on object 'Object Repository/Add item to cart/Page_Address/input_Email_typeEmail'

2566-04-03 05:13:41 - [MESSAGE][PASSED] - Text 'test4@gmail.com' is set on object 'Object Repository/Add item to cart/Page_Address/input_Email_typeEmail'

2566-04-03 05:13:41 - [TEST_STEP][PASSED] - click(findTestObject("Object Repository/Add item to cart/Page_Address/button_Next")): Object: 'Object Repository/Add item to cart/Page_Address/button_Next' is clicked on

2566-04-03 05:13:42 - [MESSAGE][PASSED] - Object: 'Object Repository/Add item to cart/Page_Address/button_Next' is clicked on

2566-04-03 05:13:42 - [TEST_STEP][PASSED] - setText(findTestObject("Object Repository/Add item to cart/Page_Payment/input_Payment Name_form9Example1"), FirstName): Text 'asd' is set on object 'Object Repository/Add item to cart/Page_Payment/input_Payment Name_form9Example1'

2566-04-03 05:13:43 - [MESSAGE][PASSED] - Text 'asd' is set on object 'Object Repository/Add item to cart/Page_Payment/input_Payment Name_form9Example1'

2566-04-03 05:13:43 - [TEST_STEP][PASSED] - setText(findTestObject("Object Repository/Add item to cart/Page_Payment/input_Enter Name_form9Example2"), FirstName): Text 'asd' is set on object 'Object Repository/Add item to cart/Page_Payment/input_Enter Name_form9Example2'

2566-04-03 05:13:43 - [MESSAGE][PASSED] - Text 'asd' is set on object 'Object Repository/Add item to cart/Page_Payment/input_Enter Name_form9Example2'

2566-04-03 05:13:43 - [TEST_STEP][PASSED] - setText(findTestObject("Object Repository/Add item to cart/Page_Payment/input_Card Number_number"), CardNumber): Text '617283940987' is set on object 'Object Repository/Add item to cart/Page_Payment/input_Card Number_number'

2566-04-03 05:13:44 - [MESSAGE][PASSED] - Text '617283940987' is set on object 'Object Repository/Add item to cart/Page_Payment/input_Card Number_number'

2566-04-03 05:13:44 - [TEST_STEP][PASSED] - setText(findTestObject("Object Repository/Add item to cart/Page_Payment/input_CVC_form9Example6"), CVC): Text '555' is set on object 'Object Repository/Add item to cart/Page_Payment/input_CVC_form9Example6'

2566-04-03 05:13:45 - [MESSAGE][PASSED] - Text '555' is set on object 'Object Repository/Add item to cart/Page_Payment/input_CVC_form9Example6'

2566-04-03 05:13:45 - [TEST_STEP][PASSED] - click(findTestObject("Object Repository/Add item to cart/Page_Payment/button_Next")): Object: 'Object Repository/Add item to cart/Page_Payment/button_Next' is clicked on

2566-04-03 05:13:47 - [MESSAGE][PASSED] - Object: 'Object Repository/Add item to cart/Page_Payment/button_Next' is clicked on

2566-04-03 05:13:47 - [TEST_STEP][PASSED] - click(findTestObject("Object Repository/Add item to cart/Page_Progress Tracker Example/header_Tracking Orders")): Object: 'Object Repository/Add item to cart/Page_Progress Tracker Example/header_Tracking Orders' is clicked on

2566-04-03 05:13:47 - [MESSAGE][PASSED] - Object: 'Object Repository/Add item to cart/Page_Progress Tracker Example/header_Tracking Orders' is clicked on]]></system-out>
         <system-err><![CDATA[]]></system-err>
      </testcase>
      <system-out><![CDATA[2566-04-03 05:11:17 - [TEST_SUITE][PASSED] - Dep Test Suite Add Item: Test Cases/Add_item_to_cart_test_case]]></system-out>
      <system-err><![CDATA[]]></system-err>
   </testsuite>
</testsuites>
